This file contains any messages produced by compilers while
running configure, to aid debugging if configure makes a mistake.

It was created by pops configure 3.2.2, which was
generated by GNU Autoconf 2.72.  Invocation command line was

  $ ./configure

## --------- ##
## Platform. ##
## --------- ##

hostname = Mac
uname -m = arm64
uname -r = 24.6.0
uname -s = Darwin
uname -v = Darwin Kernel Version 24.6.0: Mon Jul 14 11:30:30 PDT 2025; root:xnu-11417.140.69~1/RELEASE_ARM64_T6020

/usr/bin/uname -p = arm
/bin/uname -X     = unknown

/bin/arch              = unknown
/usr/bin/arch -k       = unknown
/usr/convex/getsysinfo = unknown
/usr/bin/hostinfo      = Mach kernel version:
	 Darwin Kernel Version 24.6.0: Mon Jul 14 11:30:30 PDT 2025; root:xnu-11417.140.69~1/RELEASE_ARM64_T6020
Kernel configured for up to 12 processors.
12 processors are physically available.
12 processors are logically available.
Processor type: arm64e (ARM64E)
Processors active: 0 1 2 3 4 5 6 7 8 9 10 11
Primary memory available: 64.00 gigabytes
Default processor set: 676 tasks, 3923 threads, 12 processors
Load average: 0.94, Mach factor: 11.04
/bin/machine           = unknown
/usr/bin/oslevel       = unknown
/bin/universe          = unknown

PATH: /opt/homebrew/opt/make/libexec/gnubin/
PATH: /opt/miniconda3/bin/
PATH: /opt/homebrew/bin/
PATH: /Users/jkleinj/Library/Python/3.11/bin/
PATH: /Users/jkleinj/software/install/miniconda3/bin/
PATH: /Users/jkleinj/software/install/miniconda3/condabin/
PATH: /usr/local/bin/
PATH: /System/Cryptexes/App/usr/bin/
PATH: /usr/bin/
PATH: /bin/
PATH: /usr/sbin/
PATH: /sbin/
PATH: /var/run/com.apple.security.cryptexd/codex.system/bootstrap/usr/local/bin/
PATH: /var/run/com.apple.security.cryptexd/codex.system/bootstrap/usr/bin/
PATH: /var/run/com.apple.security.cryptexd/codex.system/bootstrap/usr/appleinternal/bin/
PATH: /opt/X11/bin/
PATH: /Library/Apple/usr/bin/
PATH: /Library/TeX/texbin/
PATH: /usr/local/bin/
PATH: /usr/bin/
PATH: /usr/X11R6/bin/
PATH: ./


## ----------- ##
## Core tests. ##
## ----------- ##

configure:2712: looking for aux files: config.guess config.sub compile missing install-sh
configure:2725:  trying ./
configure:2754:   ./config.guess found
configure:2754:   ./config.sub found
configure:2754:   ./compile found
configure:2754:   ./missing found
configure:2736:   ./install-sh found
configure:2887: checking for a BSD-compatible install
configure:2961: result: /usr/bin/install -c
configure:2972: checking whether sleep supports fractional seconds
configure:2988: result: yes
configure:2991: checking filesystem timestamp resolution
configure:3126: result: 0.01
configure:3131: checking whether build environment is sane
configure:3176: result: yes
configure:3347: checking for a race-free mkdir -p
configure:3390: result: mkdir -p
configure:3397: checking for gawk
configure:3433: result: no
configure:3397: checking for mawk
configure:3433: result: no
configure:3397: checking for nawk
configure:3433: result: no
configure:3397: checking for awk
configure:3418: found /usr/bin/awk
configure:3430: result: awk
configure:3441: checking whether make sets $(MAKE)
configure:3465: result: yes
configure:3491: checking whether make supports nested variables
configure:3510: result: yes
configure:3524: checking xargs -n works
configure:3540: result: yes
configure:3625: checking whether UID '502' is supported by ustar format
configure:3631: result: yes
configure:3638: checking whether GID '20' is supported by ustar format
configure:3644: result: yes
configure:3652: checking how to create a ustar tar archive
configure:3663: tar --version
bsdtar 3.5.3 - libarchive 3.7.4 zlib/1.2.12 liblzma/5.4.3 bz2lib/1.0.8 
configure:3666: $? = 0
configure:3706: tardir=conftest.dir && eval tar --format=ustar -chf - "$tardir" >conftest.tar
configure:3709: $? = 0
configure:3713: tar -xf - <conftest.tar
configure:3716: $? = 0
configure:3718: cat conftest.dir/file
GrepMe
configure:3721: $? = 0
configure:3736: result: gnutar
configure:3777: checking whether make supports the include directive
configure:3792: make -f confmf.GNU && cat confinc.out
this is the am__doit target
configure:3795: $? = 0
configure:3814: result: yes (GNU style)
configure:3891: checking for gcc
configure:3912: found /usr/bin/gcc
configure:3924: result: gcc
configure:4283: checking for C compiler version
configure:4292: gcc --version >&5
Apple clang version 17.0.0 (clang-1700.0.13.5)
Target: arm64-apple-darwin24.6.0
Thread model: posix
InstalledDir: /Library/Developer/CommandLineTools/usr/bin
configure:4303: $? = 0
configure:4292: gcc -v >&5
Apple clang version 17.0.0 (clang-1700.0.13.5)
Target: arm64-apple-darwin24.6.0
Thread model: posix
InstalledDir: /Library/Developer/CommandLineTools/usr/bin
configure:4303: $? = 0
configure:4292: gcc -V >&5
clang: error: argument to '-V' is missing (expected 1 value)
clang: error: no input files
configure:4303: $? = 1
configure:4292: gcc -qversion >&5
clang: error: unknown argument '-qversion'; did you mean '--version'?
clang: error: no input files
configure:4303: $? = 1
configure:4292: gcc -version >&5
clang: error: unknown argument '-version'; did you mean '--version'?
clang: error: no input files
configure:4303: $? = 1
configure:4323: checking whether the C compiler works
configure:4345: gcc    conftest.c  >&5
configure:4349: $? = 0
configure:4400: result: yes
configure:4404: checking for C compiler default output file name
configure:4406: result: a.out
configure:4412: checking for suffix of executables
configure:4419: gcc -o conftest    conftest.c  >&5
configure:4423: $? = 0
configure:4447: result: 
configure:4471: checking whether we are cross compiling
configure:4479: gcc -o conftest    conftest.c  >&5
configure:4483: $? = 0
configure:4490: ./conftest
configure:4494: $? = 0
configure:4509: result: no
configure:4515: checking for suffix of object files
configure:4538: gcc -c   conftest.c >&5
configure:4542: $? = 0
configure:4566: result: o
configure:4570: checking whether the compiler supports GNU C
configure:4590: gcc -c   conftest.c >&5
configure:4590: $? = 0
configure:4602: result: yes
configure:4613: checking whether gcc accepts -g
configure:4634: gcc -c -g  conftest.c >&5
configure:4634: $? = 0
configure:4681: result: yes
configure:4701: checking for gcc option to enable C11 features
configure:4716: gcc  -c -g -O2  conftest.c >&5
configure:4716: $? = 0
configure:4735: result: none needed
configure:4859: checking whether gcc understands -c and -o together
configure:4882: gcc -c conftest.c -o conftest2.o
configure:4885: $? = 0
configure:4882: gcc -c conftest.c -o conftest2.o
configure:4885: $? = 0
configure:4901: result: yes
configure:4920: checking dependency style of gcc
configure:5033: result: gcc3
configure:5055: checking whether gcc and cc understand -c and -o together
configure:5087: gcc -c conftest.c -o conftest2.o >&5
configure:5091: $? = 0
configure:5097: gcc -c conftest.c -o conftest2.o >&5
configure:5101: $? = 0
configure:5112: cc -c conftest.c >&5
configure:5116: $? = 0
configure:5124: cc -c conftest.c -o conftest2.o >&5
configure:5128: $? = 0
configure:5134: cc -c conftest.c -o conftest2.o >&5
configure:5138: $? = 0
configure:5157: result: yes
configure:5243: checking for g++
configure:5264: found /usr/bin/g++
configure:5276: result: g++
configure:5303: checking for C++ compiler version
configure:5312: g++ --version >&5
Apple clang version 17.0.0 (clang-1700.0.13.5)
Target: arm64-apple-darwin24.6.0
Thread model: posix
InstalledDir: /Library/Developer/CommandLineTools/usr/bin
configure:5323: $? = 0
configure:5312: g++ -v >&5
Apple clang version 17.0.0 (clang-1700.0.13.5)
Target: arm64-apple-darwin24.6.0
Thread model: posix
InstalledDir: /Library/Developer/CommandLineTools/usr/bin
configure:5323: $? = 0
configure:5312: g++ -V >&5
clang++: error: argument to '-V' is missing (expected 1 value)
clang++: error: no input files
configure:5323: $? = 1
configure:5312: g++ -qversion >&5
clang++: error: unknown argument '-qversion'; did you mean '--version'?
clang++: error: no input files
configure:5323: $? = 1
configure:5327: checking whether the compiler supports GNU C++
configure:5347: g++ -c   conftest.cpp >&5
configure:5347: $? = 0
configure:5359: result: yes
configure:5370: checking whether g++ accepts -g
configure:5391: g++ -c -g  conftest.cpp >&5
configure:5391: $? = 0
configure:5438: result: yes
configure:5458: checking for g++ option to enable C++11 features
configure:5473: g++  -c -g -O2  conftest.cpp >&5
conftest.cpp:177:25: warning: empty parentheses interpreted as a function declaration [-Wvexing-parse]
  177 |   cxx11test::delegate d2();
      |                         ^~
conftest.cpp:177:25: note: remove parentheses to declare a variable
  177 |   cxx11test::delegate d2();
      |                         ^~
1 warning generated.
configure:5473: $? = 0
configure:5492: result: none needed
configure:5563: checking dependency style of g++
configure:5676: result: gcc3
configure:5695: checking for main in -lm
configure:5715: gcc -o conftest -g -O2   conftest.c -lm   >&5
configure:5715: $? = 0
configure:5727: result: yes
configure:5746: checking for stdio.h
configure:5746: gcc -c -g -O2  conftest.c >&5
configure:5746: $? = 0
configure:5746: result: yes
configure:5746: checking for stdlib.h
configure:5746: gcc -c -g -O2  conftest.c >&5
configure:5746: $? = 0
configure:5746: result: yes
configure:5746: checking for string.h
configure:5746: gcc -c -g -O2  conftest.c >&5
configure:5746: $? = 0
configure:5746: result: yes
configure:5746: checking for inttypes.h
configure:5746: gcc -c -g -O2  conftest.c >&5
configure:5746: $? = 0
configure:5746: result: yes
configure:5746: checking for stdint.h
configure:5746: gcc -c -g -O2  conftest.c >&5
configure:5746: $? = 0
configure:5746: result: yes
configure:5746: checking for strings.h
configure:5746: gcc -c -g -O2  conftest.c >&5
configure:5746: $? = 0
configure:5746: result: yes
configure:5746: checking for sys/stat.h
configure:5746: gcc -c -g -O2  conftest.c >&5
configure:5746: $? = 0
configure:5746: result: yes
configure:5746: checking for sys/types.h
configure:5746: gcc -c -g -O2  conftest.c >&5
configure:5746: $? = 0
configure:5746: result: yes
configure:5746: checking for unistd.h
configure:5746: gcc -c -g -O2  conftest.c >&5
configure:5746: $? = 0
configure:5746: result: yes
configure:5771: checking for float.h
configure:5771: gcc -c -g -O2  conftest.c >&5
configure:5771: $? = 0
configure:5771: result: yes
configure:5777: checking for stdlib.h
configure:5777: result: yes
configure:5783: checking for string.h
configure:5783: result: yes
configure:5792: checking for size_t
configure:5792: gcc -c -g -O2  conftest.c >&5
configure:5792: $? = 0
configure:5792: gcc -c -g -O2  conftest.c >&5
conftest.c:56:21: error: expected expression
   56 | if (sizeof ((size_t)))
      |                     ^
1 error generated.
configure:5792: $? = 1
configure: failed program was:
| /* confdefs.h */
| #define PACKAGE_NAME "pops"
| #define PACKAGE_TARNAME "pops"
| #define PACKAGE_VERSION "3.2.2"
| #define PACKAGE_STRING "pops 3.2.2"
| #define PACKAGE_BUGREPORT "jens@jkleinj.eu"
| #define PACKAGE_URL ""
| #define PACKAGE "pops"
| #define VERSION "3.2.2"
| #define HAVE_LIBM 1
| #define HAVE_STDIO_H 1
| #define HAVE_STDLIB_H 1
| #define HAVE_STRING_H 1
| #define HAVE_INTTYPES_H 1
| #define HAVE_STDINT_H 1
| #define HAVE_STRINGS_H 1
| #define HAVE_SYS_STAT_H 1
| #define HAVE_SYS_TYPES_H 1
| #define HAVE_UNISTD_H 1
| #define STDC_HEADERS 1
| #define HAVE_FLOAT_H 1
| #define HAVE_STDLIB_H 1
| #define HAVE_STRING_H 1
| /* end confdefs.h.  */
| #include <stddef.h>
| #ifdef HAVE_STDIO_H
| # include <stdio.h>
| #endif
| #ifdef HAVE_STDLIB_H
| # include <stdlib.h>
| #endif
| #ifdef HAVE_STRING_H
| # include <string.h>
| #endif
| #ifdef HAVE_INTTYPES_H
| # include <inttypes.h>
| #endif
| #ifdef HAVE_STDINT_H
| # include <stdint.h>
| #endif
| #ifdef HAVE_STRINGS_H
| # include <strings.h>
| #endif
| #ifdef HAVE_SYS_TYPES_H
| # include <sys/types.h>
| #endif
| #ifdef HAVE_SYS_STAT_H
| # include <sys/stat.h>
| #endif
| #ifdef HAVE_UNISTD_H
| # include <unistd.h>
| #endif
| int
| main (void)
| {
| if (sizeof ((size_t)))
| 	    return 0;
|   ;
|   return 0;
| }
configure:5792: result: yes
configure:5811: checking build system type
configure:5827: result: aarch64-apple-darwin24.6.0
configure:5847: checking host system type
configure:5862: result: aarch64-apple-darwin24.6.0
configure:5882: checking for GNU libc compatible malloc
configure:5914: gcc -o conftest -g -O2   conftest.c -lm  >&5
configure:5914: $? = 0
configure:5914: ./conftest
configure:5914: $? = 0
configure:5928: result: yes
configure:5951: checking for GNU libc compatible realloc
configure:5983: gcc -o conftest -g -O2   conftest.c -lm  >&5
configure:5983: $? = 0
configure:5983: ./conftest
configure:5983: $? = 0
configure:5997: result: yes
configure:6020: checking for pow
configure:6020: gcc -o conftest -g -O2   conftest.c -lm  >&5
conftest.c:43:6: warning: incompatible redeclaration of library function 'pow' [-Wincompatible-library-redeclaration]
   43 | char pow (void);
      |      ^
conftest.c:43:6: note: 'pow' is a builtin with type 'double (double, double)'
1 warning generated.
configure:6020: $? = 0
configure:6020: result: yes
configure:6026: checking for sqrt
configure:6026: gcc -o conftest -g -O2   conftest.c -lm  >&5
conftest.c:44:6: warning: incompatible redeclaration of library function 'sqrt' [-Wincompatible-library-redeclaration]
   44 | char sqrt (void);
      |      ^
conftest.c:44:6: note: 'sqrt' is a builtin with type 'double (double)'
1 warning generated.
configure:6026: $? = 0
configure:6026: result: yes
configure:6046: checking for gcc option to support OpenMP
configure:6068: gcc -c -g -O2   conftest.c >&5
conftest.c:31:2: error: "OpenMP not supported"
   31 | #error "OpenMP not supported"
      |  ^
conftest.c:33:10: fatal error: 'omp.h' file not found
   33 | #include <omp.h>
      |          ^~~~~~~
2 errors generated.
configure:6068: $? = 1
configure: failed program was:
| /* confdefs.h */
| #define PACKAGE_NAME "pops"
| #define PACKAGE_TARNAME "pops"
| #define PACKAGE_VERSION "3.2.2"
| #define PACKAGE_STRING "pops 3.2.2"
| #define PACKAGE_BUGREPORT "jens@jkleinj.eu"
| #define PACKAGE_URL ""
| #define PACKAGE "pops"
| #define VERSION "3.2.2"
| #define HAVE_LIBM 1
| #define HAVE_STDIO_H 1
| #define HAVE_STDLIB_H 1
| #define HAVE_STRING_H 1
| #define HAVE_INTTYPES_H 1
| #define HAVE_STDINT_H 1
| #define HAVE_STRINGS_H 1
| #define HAVE_SYS_STAT_H 1
| #define HAVE_SYS_TYPES_H 1
| #define HAVE_UNISTD_H 1
| #define STDC_HEADERS 1
| #define HAVE_FLOAT_H 1
| #define HAVE_STDLIB_H 1
| #define HAVE_STRING_H 1
| #define HAVE_MALLOC 1
| #define HAVE_REALLOC 1
| #define HAVE_POW 1
| #define HAVE_SQRT 1
| /* end confdefs.h.  */
| 
| #ifndef _OPENMP
| #error "OpenMP not supported"
| #endif
| #include <omp.h>
| int main (void) { return omp_get_num_threads (); }
| 
configure:6068: gcc -c -g -O2 -fopenmp  conftest.c >&5
clang: error: unsupported option '-fopenmp'
configure:6068: $? = 1
configure: failed program was:
| /* confdefs.h */
| #define PACKAGE_NAME "pops"
| #define PACKAGE_TARNAME "pops"
| #define PACKAGE_VERSION "3.2.2"
| #define PACKAGE_STRING "pops 3.2.2"
| #define PACKAGE_BUGREPORT "jens@jkleinj.eu"
| #define PACKAGE_URL ""
| #define PACKAGE "pops"
| #define VERSION "3.2.2"
| #define HAVE_LIBM 1
| #define HAVE_STDIO_H 1
| #define HAVE_STDLIB_H 1
| #define HAVE_STRING_H 1
| #define HAVE_INTTYPES_H 1
| #define HAVE_STDINT_H 1
| #define HAVE_STRINGS_H 1
| #define HAVE_SYS_STAT_H 1
| #define HAVE_SYS_TYPES_H 1
| #define HAVE_UNISTD_H 1
| #define STDC_HEADERS 1
| #define HAVE_FLOAT_H 1
| #define HAVE_STDLIB_H 1
| #define HAVE_STRING_H 1
| #define HAVE_MALLOC 1
| #define HAVE_REALLOC 1
| #define HAVE_POW 1
| #define HAVE_SQRT 1
| /* end confdefs.h.  */
| 
| #ifndef _OPENMP
| #error "OpenMP not supported"
| #endif
| #include <omp.h>
| int main (void) { return omp_get_num_threads (); }
| 
configure:6068: gcc -c -g -O2 -xopenmp  conftest.c >&5
clang: error: language not recognized: 'openmp'
clang: warning: conftest.c: 'linker' input unused [-Wunused-command-line-argument]
configure:6068: $? = 1
configure: failed program was:
| /* confdefs.h */
| #define PACKAGE_NAME "pops"
| #define PACKAGE_TARNAME "pops"
| #define PACKAGE_VERSION "3.2.2"
| #define PACKAGE_STRING "pops 3.2.2"
| #define PACKAGE_BUGREPORT "jens@jkleinj.eu"
| #define PACKAGE_URL ""
| #define PACKAGE "pops"
| #define VERSION "3.2.2"
| #define HAVE_LIBM 1
| #define HAVE_STDIO_H 1
| #define HAVE_STDLIB_H 1
| #define HAVE_STRING_H 1
| #define HAVE_INTTYPES_H 1
| #define HAVE_STDINT_H 1
| #define HAVE_STRINGS_H 1
| #define HAVE_SYS_STAT_H 1
| #define HAVE_SYS_TYPES_H 1
| #define HAVE_UNISTD_H 1
| #define STDC_HEADERS 1
| #define HAVE_FLOAT_H 1
| #define HAVE_STDLIB_H 1
| #define HAVE_STRING_H 1
| #define HAVE_MALLOC 1
| #define HAVE_REALLOC 1
| #define HAVE_POW 1
| #define HAVE_SQRT 1
| /* end confdefs.h.  */
| 
| #ifndef _OPENMP
| #error "OpenMP not supported"
| #endif
| #include <omp.h>
| int main (void) { return omp_get_num_threads (); }
| 
configure:6068: gcc -c -g -O2 -openmp  conftest.c >&5
conftest.c:31:2: error: "OpenMP not supported"
   31 | #error "OpenMP not supported"
      |  ^
conftest.c:33:10: fatal error: 'omp.h' file not found
   33 | #include <omp.h>
      |          ^~~~~~~
2 errors generated.
configure:6068: $? = 1
configure: failed program was:
| /* confdefs.h */
| #define PACKAGE_NAME "pops"
| #define PACKAGE_TARNAME "pops"
| #define PACKAGE_VERSION "3.2.2"
| #define PACKAGE_STRING "pops 3.2.2"
| #define PACKAGE_BUGREPORT "jens@jkleinj.eu"
| #define PACKAGE_URL ""
| #define PACKAGE "pops"
| #define VERSION "3.2.2"
| #define HAVE_LIBM 1
| #define HAVE_STDIO_H 1
| #define HAVE_STDLIB_H 1
| #define HAVE_STRING_H 1
| #define HAVE_INTTYPES_H 1
| #define HAVE_STDINT_H 1
| #define HAVE_STRINGS_H 1
| #define HAVE_SYS_STAT_H 1
| #define HAVE_SYS_TYPES_H 1
| #define HAVE_UNISTD_H 1
| #define STDC_HEADERS 1
| #define HAVE_FLOAT_H 1
| #define HAVE_STDLIB_H 1
| #define HAVE_STRING_H 1
| #define HAVE_MALLOC 1
| #define HAVE_REALLOC 1
| #define HAVE_POW 1
| #define HAVE_SQRT 1
| /* end confdefs.h.  */
| 
| #ifndef _OPENMP
| #error "OpenMP not supported"
| #endif
| #include <omp.h>
| int main (void) { return omp_get_num_threads (); }
| 
configure:6068: gcc -c -g -O2 -mp  conftest.c >&5
clang: error: unknown argument: '-mp'
configure:6068: $? = 1
configure: failed program was:
| /* confdefs.h */
| #define PACKAGE_NAME "pops"
| #define PACKAGE_TARNAME "pops"
| #define PACKAGE_VERSION "3.2.2"
| #define PACKAGE_STRING "pops 3.2.2"
| #define PACKAGE_BUGREPORT "jens@jkleinj.eu"
| #define PACKAGE_URL ""
| #define PACKAGE "pops"
| #define VERSION "3.2.2"
| #define HAVE_LIBM 1
| #define HAVE_STDIO_H 1
| #define HAVE_STDLIB_H 1
| #define HAVE_STRING_H 1
| #define HAVE_INTTYPES_H 1
| #define HAVE_STDINT_H 1
| #define HAVE_STRINGS_H 1
| #define HAVE_SYS_STAT_H 1
| #define HAVE_SYS_TYPES_H 1
| #define HAVE_UNISTD_H 1
| #define STDC_HEADERS 1
| #define HAVE_FLOAT_H 1
| #define HAVE_STDLIB_H 1
| #define HAVE_STRING_H 1
| #define HAVE_MALLOC 1
| #define HAVE_REALLOC 1
| #define HAVE_POW 1
| #define HAVE_SQRT 1
| /* end confdefs.h.  */
| 
| #ifndef _OPENMP
| #error "OpenMP not supported"
| #endif
| #include <omp.h>
| int main (void) { return omp_get_num_threads (); }
| 
configure:6068: gcc -c -g -O2 -omp  conftest.c >&5
conftest.c:31:2: error: "OpenMP not supported"
   31 | #error "OpenMP not supported"
      |  ^
conftest.c:33:10: fatal error: 'omp.h' file not found
   33 | #include <omp.h>
      |          ^~~~~~~
2 errors generated.
configure:6068: $? = 1
configure: failed program was:
| /* confdefs.h */
| #define PACKAGE_NAME "pops"
| #define PACKAGE_TARNAME "pops"
| #define PACKAGE_VERSION "3.2.2"
| #define PACKAGE_STRING "pops 3.2.2"
| #define PACKAGE_BUGREPORT "jens@jkleinj.eu"
| #define PACKAGE_URL ""
| #define PACKAGE "pops"
| #define VERSION "3.2.2"
| #define HAVE_LIBM 1
| #define HAVE_STDIO_H 1
| #define HAVE_STDLIB_H 1
| #define HAVE_STRING_H 1
| #define HAVE_INTTYPES_H 1
| #define HAVE_STDINT_H 1
| #define HAVE_STRINGS_H 1
| #define HAVE_SYS_STAT_H 1
| #define HAVE_SYS_TYPES_H 1
| #define HAVE_UNISTD_H 1
| #define STDC_HEADERS 1
| #define HAVE_FLOAT_H 1
| #define HAVE_STDLIB_H 1
| #define HAVE_STRING_H 1
| #define HAVE_MALLOC 1
| #define HAVE_REALLOC 1
| #define HAVE_POW 1
| #define HAVE_SQRT 1
| /* end confdefs.h.  */
| 
| #ifndef _OPENMP
| #error "OpenMP not supported"
| #endif
| #include <omp.h>
| int main (void) { return omp_get_num_threads (); }
| 
configure:6068: gcc -c -g -O2 -qsmp=omp  conftest.c >&5
clang: error: unknown argument: '-qsmp=omp'
configure:6068: $? = 1
configure: failed program was:
| /* confdefs.h */
| #define PACKAGE_NAME "pops"
| #define PACKAGE_TARNAME "pops"
| #define PACKAGE_VERSION "3.2.2"
| #define PACKAGE_STRING "pops 3.2.2"
| #define PACKAGE_BUGREPORT "jens@jkleinj.eu"
| #define PACKAGE_URL ""
| #define PACKAGE "pops"
| #define VERSION "3.2.2"
| #define HAVE_LIBM 1
| #define HAVE_STDIO_H 1
| #define HAVE_STDLIB_H 1
| #define HAVE_STRING_H 1
| #define HAVE_INTTYPES_H 1
| #define HAVE_STDINT_H 1
| #define HAVE_STRINGS_H 1
| #define HAVE_SYS_STAT_H 1
| #define HAVE_SYS_TYPES_H 1
| #define HAVE_UNISTD_H 1
| #define STDC_HEADERS 1
| #define HAVE_FLOAT_H 1
| #define HAVE_STDLIB_H 1
| #define HAVE_STRING_H 1
| #define HAVE_MALLOC 1
| #define HAVE_REALLOC 1
| #define HAVE_POW 1
| #define HAVE_SQRT 1
| /* end confdefs.h.  */
| 
| #ifndef _OPENMP
| #error "OpenMP not supported"
| #endif
| #include <omp.h>
| int main (void) { return omp_get_num_threads (); }
| 
configure:6068: gcc -c -g -O2 -homp  conftest.c >&5
clang: error: unknown argument: '-homp'
configure:6068: $? = 1
configure: failed program was:
| /* confdefs.h */
| #define PACKAGE_NAME "pops"
| #define PACKAGE_TARNAME "pops"
| #define PACKAGE_VERSION "3.2.2"
| #define PACKAGE_STRING "pops 3.2.2"
| #define PACKAGE_BUGREPORT "jens@jkleinj.eu"
| #define PACKAGE_URL ""
| #define PACKAGE "pops"
| #define VERSION "3.2.2"
| #define HAVE_LIBM 1
| #define HAVE_STDIO_H 1
| #define HAVE_STDLIB_H 1
| #define HAVE_STRING_H 1
| #define HAVE_INTTYPES_H 1
| #define HAVE_STDINT_H 1
| #define HAVE_STRINGS_H 1
| #define HAVE_SYS_STAT_H 1
| #define HAVE_SYS_TYPES_H 1
| #define HAVE_UNISTD_H 1
| #define STDC_HEADERS 1
| #define HAVE_FLOAT_H 1
| #define HAVE_STDLIB_H 1
| #define HAVE_STRING_H 1
| #define HAVE_MALLOC 1
| #define HAVE_REALLOC 1
| #define HAVE_POW 1
| #define HAVE_SQRT 1
| /* end confdefs.h.  */
| 
| #ifndef _OPENMP
| #error "OpenMP not supported"
| #endif
| #include <omp.h>
| int main (void) { return omp_get_num_threads (); }
| 
configure:6068: gcc -c -g -O2 -Popenmp  conftest.c >&5
clang: error: unknown argument '-Popenmp'; did you mean '-fopenmp'?
configure:6068: $? = 1
configure: failed program was:
| /* confdefs.h */
| #define PACKAGE_NAME "pops"
| #define PACKAGE_TARNAME "pops"
| #define PACKAGE_VERSION "3.2.2"
| #define PACKAGE_STRING "pops 3.2.2"
| #define PACKAGE_BUGREPORT "jens@jkleinj.eu"
| #define PACKAGE_URL ""
| #define PACKAGE "pops"
| #define VERSION "3.2.2"
| #define HAVE_LIBM 1
| #define HAVE_STDIO_H 1
| #define HAVE_STDLIB_H 1
| #define HAVE_STRING_H 1
| #define HAVE_INTTYPES_H 1
| #define HAVE_STDINT_H 1
| #define HAVE_STRINGS_H 1
| #define HAVE_SYS_STAT_H 1
| #define HAVE_SYS_TYPES_H 1
| #define HAVE_UNISTD_H 1
| #define STDC_HEADERS 1
| #define HAVE_FLOAT_H 1
| #define HAVE_STDLIB_H 1
| #define HAVE_STRING_H 1
| #define HAVE_MALLOC 1
| #define HAVE_REALLOC 1
| #define HAVE_POW 1
| #define HAVE_SQRT 1
| /* end confdefs.h.  */
| 
| #ifndef _OPENMP
| #error "OpenMP not supported"
| #endif
| #include <omp.h>
| int main (void) { return omp_get_num_threads (); }
| 
configure:6068: gcc -c -g -O2 --openmp  conftest.c >&5
clang: error: unknown argument '--openmp'; did you mean '-fopenmp'?
configure:6068: $? = 1
configure: failed program was:
| /* confdefs.h */
| #define PACKAGE_NAME "pops"
| #define PACKAGE_TARNAME "pops"
| #define PACKAGE_VERSION "3.2.2"
| #define PACKAGE_STRING "pops 3.2.2"
| #define PACKAGE_BUGREPORT "jens@jkleinj.eu"
| #define PACKAGE_URL ""
| #define PACKAGE "pops"
| #define VERSION "3.2.2"
| #define HAVE_LIBM 1
| #define HAVE_STDIO_H 1
| #define HAVE_STDLIB_H 1
| #define HAVE_STRING_H 1
| #define HAVE_INTTYPES_H 1
| #define HAVE_STDINT_H 1
| #define HAVE_STRINGS_H 1
| #define HAVE_SYS_STAT_H 1
| #define HAVE_SYS_TYPES_H 1
| #define HAVE_UNISTD_H 1
| #define STDC_HEADERS 1
| #define HAVE_FLOAT_H 1
| #define HAVE_STDLIB_H 1
| #define HAVE_STRING_H 1
| #define HAVE_MALLOC 1
| #define HAVE_REALLOC 1
| #define HAVE_POW 1
| #define HAVE_SQRT 1
| /* end confdefs.h.  */
| 
| #ifndef _OPENMP
| #error "OpenMP not supported"
| #endif
| #include <omp.h>
| int main (void) { return omp_get_num_threads (); }
| 
configure:6105: result: unsupported
configure:6377: checking for pkg-config
configure:6400: found /opt/homebrew/bin/pkg-config
configure:6413: result: /opt/homebrew/bin/pkg-config
configure:6438: checking pkg-config is at least version 0.9.0
configure:6441: result: yes
configure:6454: checking for libxml-2.0 >= 2.4
configure:6461: $PKG_CONFIG --exists --print-errors "libxml-2.0 >= 2.4"
configure:6464: $? = 0
configure:6478: $PKG_CONFIG --exists --print-errors "libxml-2.0 >= 2.4"
configure:6481: $? = 0
configure:6539: result: yes
configure:6549: checking for zlib >= 1.0
configure:6556: $PKG_CONFIG --exists --print-errors "zlib >= 1.0"
configure:6559: $? = 0
configure:6573: $PKG_CONFIG --exists --print-errors "zlib >= 1.0"
configure:6576: $? = 0
configure:6634: result: yes
configure:6755: checking that generated files are newer than configure
configure:6761: result: done
configure:6800: creating ./config.status

## ---------------------- ##
## Running config.status. ##
## ---------------------- ##

This file was extended by pops config.status 3.2.2, which was
generated by GNU Autoconf 2.72.  Invocation command line was

  CONFIG_FILES    = 
  CONFIG_HEADERS  = 
  CONFIG_LINKS    = 
  CONFIG_COMMANDS = 
  $ ./config.status 

on Mac

config.status:884: creating Makefile
config.status:884: creating src/Makefile
config.status:884: creating tests/Makefile
config.status:884: creating src/config.h
config.status:1113: executing depfiles commands
config.status:1190: cd src       && sed -e '/# am--include-marker/d' Makefile         | make -f - am--depfiles
make: Nothing to be done for 'am--depfiles'.
config.status:1195: $? = 0

## ---------------- ##
## Cache variables. ##
## ---------------- ##

ac_cv_build=aarch64-apple-darwin24.6.0
ac_cv_c_compiler_gnu=yes
ac_cv_cxx_compiler_gnu=yes
ac_cv_env_CCC_set=
ac_cv_env_CCC_value=
ac_cv_env_CC_set=
ac_cv_env_CC_value=
ac_cv_env_CFLAGS_set=
ac_cv_env_CFLAGS_value=
ac_cv_env_CPPFLAGS_set=
ac_cv_env_CPPFLAGS_value=
ac_cv_env_CXXFLAGS_set=
ac_cv_env_CXXFLAGS_value=
ac_cv_env_CXX_set=
ac_cv_env_CXX_value=
ac_cv_env_LDFLAGS_set=
ac_cv_env_LDFLAGS_value=
ac_cv_env_LIBS_set=
ac_cv_env_LIBS_value=
ac_cv_env_PKG_CONFIG_LIBDIR_set=
ac_cv_env_PKG_CONFIG_LIBDIR_value=
ac_cv_env_PKG_CONFIG_PATH_set=
ac_cv_env_PKG_CONFIG_PATH_value=
ac_cv_env_PKG_CONFIG_set=
ac_cv_env_PKG_CONFIG_value=
ac_cv_env_XML_CFLAGS_set=
ac_cv_env_XML_CFLAGS_value=
ac_cv_env_XML_LIBS_set=
ac_cv_env_XML_LIBS_value=
ac_cv_env_ZLIB_CFLAGS_set=
ac_cv_env_ZLIB_CFLAGS_value=
ac_cv_env_ZLIB_LIBS_set=
ac_cv_env_ZLIB_LIBS_value=
ac_cv_env_build_alias_set=
ac_cv_env_build_alias_value=
ac_cv_env_host_alias_set=
ac_cv_env_host_alias_value=
ac_cv_env_target_alias_set=
ac_cv_env_target_alias_value=
ac_cv_func_malloc_0_nonnull=yes
ac_cv_func_pow=yes
ac_cv_func_realloc_0_nonnull=yes
ac_cv_func_sqrt=yes
ac_cv_header_float_h=yes
ac_cv_header_inttypes_h=yes
ac_cv_header_stdint_h=yes
ac_cv_header_stdio_h=yes
ac_cv_header_stdlib_h=yes
ac_cv_header_string_h=yes
ac_cv_header_strings_h=yes
ac_cv_header_sys_stat_h=yes
ac_cv_header_sys_types_h=yes
ac_cv_header_unistd_h=yes
ac_cv_host=aarch64-apple-darwin24.6.0
ac_cv_lib_m_main=yes
ac_cv_objext=o
ac_cv_path_ac_pt_PKG_CONFIG=/opt/homebrew/bin/pkg-config
ac_cv_path_install='/usr/bin/install -c'
ac_cv_prog_AWK=awk
ac_cv_prog_ac_ct_CC=gcc
ac_cv_prog_ac_ct_CXX=g++
ac_cv_prog_c_openmp=unsupported
ac_cv_prog_cc_c11=
ac_cv_prog_cc_g=yes
ac_cv_prog_cc_gcc_c_o=yes
ac_cv_prog_cc_stdc=
ac_cv_prog_cxx_cxx11=
ac_cv_prog_cxx_g=yes
ac_cv_prog_cxx_stdcxx=
ac_cv_prog_make_make_set=yes
ac_cv_type_size_t=yes
am_cv_CC_dependencies_compiler_type=gcc3
am_cv_CXX_dependencies_compiler_type=gcc3
am_cv_filesystem_timestamp_resolution=0.01
am_cv_make_support_nested_variables=yes
am_cv_prog_cc_c_o=yes
am_cv_prog_tar_ustar=gnutar
am_cv_sleep_fractional_seconds=yes
am_cv_xargs_n_works=yes
pkg_cv_XML_CFLAGS=
pkg_cv_XML_LIBS=-lxml2
pkg_cv_ZLIB_CFLAGS=
pkg_cv_ZLIB_LIBS=-lz

## ----------------- ##
## Output variables. ##
## ----------------- ##

ACLOCAL='${SHELL} '\''/Users/jkleinj/software/develop/POPScomp/POPSC/missing'\'' aclocal-1.18'
AMDEPBACKSLASH='\'
AMDEP_FALSE='#'
AMDEP_TRUE=''
AMTAR='$${TAR-tar}'
AM_BACKSLASH='\'
AM_DEFAULT_V='$(AM_DEFAULT_VERBOSITY)'
AM_DEFAULT_VERBOSITY='1'
AM_V='$(V)'
AUTOCONF='${SHELL} '\''/Users/jkleinj/software/develop/POPScomp/POPSC/missing'\'' autoconf'
AUTOHEADER='${SHELL} '\''/Users/jkleinj/software/develop/POPScomp/POPSC/missing'\'' autoheader'
AUTOMAKE='${SHELL} '\''/Users/jkleinj/software/develop/POPScomp/POPSC/missing'\'' automake-1.18'
AWK='awk'
CC='gcc'
CCDEPMODE='depmode=gcc3'
CFLAGS='-g -O2'
CPPFLAGS=''
CSCOPE='cscope'
CTAGS='ctags'
CXX='g++'
CXXDEPMODE='depmode=gcc3'
CXXFLAGS='-g -O2'
CYGPATH_W='echo'
DEFS='-DHAVE_CONFIG_H'
DEPDIR='.deps'
ECHO_C='\c'
ECHO_N=''
ECHO_T=''
ETAGS='etags'
EXEEXT=''
INSTALL_DATA='${INSTALL} -m 644'
INSTALL_PROGRAM='${INSTALL}'
INSTALL_SCRIPT='${INSTALL}'
INSTALL_STRIP_PROGRAM='$(install_sh) -c -s'
LDFLAGS=''
LIBOBJS=''
LIBS='-lm '
LTLIBOBJS=''
MAKEINFO='${SHELL} '\''/Users/jkleinj/software/develop/POPScomp/POPSC/missing'\'' makeinfo'
MKDIR_P='mkdir -p'
OBJEXT='o'
OPENMP_CFLAGS=''
PACKAGE='pops'
PACKAGE_BUGREPORT='jens@jkleinj.eu'
PACKAGE_NAME='pops'
PACKAGE_STRING='pops 3.2.2'
PACKAGE_TARNAME='pops'
PACKAGE_URL=''
PACKAGE_VERSION='3.2.2'
PATH_SEPARATOR=':'
PKG_CONFIG='/opt/homebrew/bin/pkg-config'
PKG_CONFIG_LIBDIR=''
PKG_CONFIG_PATH=''
SET_MAKE=''
SHELL='/bin/sh'
STRIP=''
VERSION='3.2.2'
XML_CFLAGS=''
XML_LIBS='-lxml2'
ZLIB_CFLAGS=''
ZLIB_LIBS='-lz'
ac_ct_CC='gcc'
ac_ct_CXX='g++'
am__EXEEXT_FALSE=''
am__EXEEXT_TRUE='#'
am__fastdepCC_FALSE='#'
am__fastdepCC_TRUE=''
am__fastdepCXX_FALSE='#'
am__fastdepCXX_TRUE=''
am__include='include'
am__isrc=''
am__leading_dot='.'
am__nodep='_no'
am__quote=''
am__rm_f_notfound=''
am__tar='tar --format=ustar -chf - "$$tardir"'
am__untar='tar -xf -'
am__xargs_n='xargs -n'
bindir='${exec_prefix}/bin'
build='aarch64-apple-darwin24.6.0'
build_alias=''
build_cpu='aarch64'
build_os='darwin24.6.0'
build_vendor='apple'
datadir='${datarootdir}'
datarootdir='${prefix}/share'
docdir='${datarootdir}/doc/${PACKAGE_TARNAME}'
dvidir='${docdir}'
exec_prefix='${prefix}'
host='aarch64-apple-darwin24.6.0'
host_alias=''
host_cpu='aarch64'
host_os='darwin24.6.0'
host_vendor='apple'
htmldir='${docdir}'
includedir='${prefix}/include'
infodir='${datarootdir}/info'
install_sh='${SHELL} /Users/jkleinj/software/develop/POPScomp/POPSC/install-sh'
libdir='${exec_prefix}/lib'
libexecdir='${exec_prefix}/libexec'
localedir='${datarootdir}/locale'
localstatedir='${prefix}/var'
mandir='${datarootdir}/man'
mkdir_p='$(MKDIR_P)'
oldincludedir='/usr/include'
pdfdir='${docdir}'
prefix='/usr/local'
program_transform_name='s,x,x,'
psdir='${docdir}'
runstatedir='${localstatedir}/run'
sbindir='${exec_prefix}/sbin'
sharedstatedir='${prefix}/com'
sysconfdir='${prefix}/etc'
target_alias=''

## ----------- ##
## confdefs.h. ##
## ----------- ##

/* confdefs.h */
#define PACKAGE_NAME "pops"
#define PACKAGE_TARNAME "pops"
#define PACKAGE_VERSION "3.2.2"
#define PACKAGE_STRING "pops 3.2.2"
#define PACKAGE_BUGREPORT "jens@jkleinj.eu"
#define PACKAGE_URL ""
#define PACKAGE "pops"
#define VERSION "3.2.2"
#define HAVE_LIBM 1
#define HAVE_STDIO_H 1
#define HAVE_STDLIB_H 1
#define HAVE_STRING_H 1
#define HAVE_INTTYPES_H 1
#define HAVE_STDINT_H 1
#define HAVE_STRINGS_H 1
#define HAVE_SYS_STAT_H 1
#define HAVE_SYS_TYPES_H 1
#define HAVE_UNISTD_H 1
#define STDC_HEADERS 1
#define HAVE_FLOAT_H 1
#define HAVE_STDLIB_H 1
#define HAVE_STRING_H 1
#define HAVE_MALLOC 1
#define HAVE_REALLOC 1
#define HAVE_POW 1
#define HAVE_SQRT 1
#define DEBUG 0

configure: exit 0
